
  .   ____          _            __ _ _
 /\\ / ___'_ __ _ _(_)_ __  __ _ \ \ \ \
( ( )\___ | '_ | '_| | '_ \/ _` | \ \ \ \
 \\/  ___)| |_)| | | | | || (_| |  ) ) ) )
  '  |____| .__|_| |_|_| |_\__, | / / / /
 =========|_|==============|___/=/_/_/_/
 :: Spring Boot ::                (v3.2.5)

2026-03-03T19:18:18.415-03:00  INFO 336181 --- [           main] c.c.bate_ponto.BatePontoApplication      : Starting BatePontoApplication v0.0.1-SNAPSHOT using Java 21.0.10 with PID 336181 (/home/leonardo/Documentos/estudos/ponto/bate-ponto-back/target/bate-ponto-0.0.1-SNAPSHOT.jar started by leonardo in /home/leonardo/Documentos/estudos/ponto/bate-ponto-back)
2026-03-03T19:18:18.419-03:00 DEBUG 336181 --- [           main] c.c.bate_ponto.BatePontoApplication      : Running with Spring Boot v3.2.5, Spring v6.1.6
2026-03-03T19:18:18.422-03:00  INFO 336181 --- [           main] c.c.bate_ponto.BatePontoApplication      : The following 1 profile is active: "local"
2026-03-03T19:18:19.301-03:00  INFO 336181 --- [           main] .s.d.r.c.RepositoryConfigurationDelegate : Bootstrapping Spring Data JPA repositories in DEFAULT mode.
2026-03-03T19:18:19.381-03:00  INFO 336181 --- [           main] .s.d.r.c.RepositoryConfigurationDelegate : Finished Spring Data repository scanning in 70 ms. Found 3 JPA repository interfaces.
2026-03-03T19:18:20.103-03:00  INFO 336181 --- [           main] o.s.b.w.embedded.tomcat.TomcatWebServer  : Tomcat initialized with port 8080 (http)
2026-03-03T19:18:20.123-03:00  INFO 336181 --- [           main] o.apache.catalina.core.StandardService   : Starting service [Tomcat]
2026-03-03T19:18:20.124-03:00  INFO 336181 --- [           main] o.apache.catalina.core.StandardEngine    : Starting Servlet engine: [Apache Tomcat/10.1.20]
2026-03-03T19:18:20.171-03:00  INFO 336181 --- [           main] o.a.c.c.C.[Tomcat].[localhost].[/]       : Initializing Spring embedded WebApplicationContext
2026-03-03T19:18:20.174-03:00  INFO 336181 --- [           main] w.s.c.ServletWebServerApplicationContext : Root WebApplicationContext: initialization completed in 1649 ms
2026-03-03T19:18:20.225-03:00  INFO 336181 --- [           main] com.zaxxer.hikari.HikariDataSource       : HikariPool-1 - Starting...
2026-03-03T19:18:20.478-03:00  INFO 336181 --- [           main] com.zaxxer.hikari.pool.HikariPool        : HikariPool-1 - Added connection conn0: url=jdbc:h2:mem:testdb user=SA
2026-03-03T19:18:20.486-03:00  INFO 336181 --- [           main] com.zaxxer.hikari.HikariDataSource       : HikariPool-1 - Start completed.
2026-03-03T19:18:20.495-03:00  INFO 336181 --- [           main] o.s.b.a.h2.H2ConsoleAutoConfiguration    : H2 console available at '/h2-console'. Database available at 'jdbc:h2:mem:testdb'
2026-03-03T19:18:20.648-03:00  INFO 336181 --- [           main] o.hibernate.jpa.internal.util.LogHelper  : HHH000204: Processing PersistenceUnitInfo [name: default]
2026-03-03T19:18:20.731-03:00  INFO 336181 --- [           main] org.hibernate.Version                    : HHH000412: Hibernate ORM core version 6.4.4.Final
2026-03-03T19:18:20.783-03:00  INFO 336181 --- [           main] o.h.c.internal.RegionFactoryInitiator    : HHH000026: Second-level cache disabled
2026-03-03T19:18:21.104-03:00  INFO 336181 --- [           main] o.s.o.j.p.SpringPersistenceUnitInfo      : No LoadTimeWeaver setup: ignoring JPA class transformer
2026-03-03T19:18:21.175-03:00  WARN 336181 --- [           main] org.hibernate.orm.deprecation            : HHH90000025: H2Dialect does not need to be specified explicitly using 'hibernate.dialect' (remove the property setting and it will be selected by default)
2026-03-03T19:18:22.114-03:00  INFO 336181 --- [           main] o.h.e.t.j.p.i.JtaPlatformInitiator       : HHH000489: No JTA platform available (set 'hibernate.transaction.jta.platform' to enable JTA platform integration)
Hibernate: drop table if exists register cascade 
Hibernate: drop table if exists register_audit cascade 
Hibernate: drop table if exists users cascade 
Hibernate: create table register (edited boolean not null, data_time timestamp(6), id bigint generated by default as identity, user_id bigint, observation varchar(255), type varchar(255) check (type in ('ENTRADA','SAIDA')), primary key (id))
Hibernate: create table register_audit (edited_at timestamp(6), edited_by_user_id bigint, id bigint generated by default as identity, register_id bigint, user_id bigint, new_data varchar(1000), observation varchar(1000), old_data varchar(1000), primary key (id))
Hibernate: create table users (active boolean not null, id bigint generated by default as identity, email varchar(255) unique, name varchar(255), password varchar(255), role varchar(255) check (role in ('ADMIN','EMPLOYEE')), type varchar(255) check (type in ('ADMIN','EMPLOYEE')), primary key (id))
Hibernate: alter table if exists register add constraint FKntcqj24nj9sv9k169kea5mgaf foreign key (user_id) references users
2026-03-03T19:18:22.179-03:00  INFO 336181 --- [           main] j.LocalContainerEntityManagerFactoryBean : Initialized JPA EntityManagerFactory for persistence unit 'default'
2026-03-03T19:18:22.621-03:00 DEBUG 336181 --- [           main] c.c.bate_ponto.component.JwtAuthFilter   : Filter 'jwtAuthFilter' configured for use
2026-03-03T19:18:23.138-03:00  INFO 336181 --- [           main] o.s.s.web.DefaultSecurityFilterChain     : Will secure any request with [org.springframework.security.web.session.DisableEncodeUrlFilter@75aeec0a, org.springframework.security.web.context.request.async.WebAsyncManagerIntegrationFilter@6b8cdc4, org.springframework.security.web.context.SecurityContextHolderFilter@4fe3199d, org.springframework.security.web.header.HeaderWriterFilter@43f5b014, org.springframework.web.filter.CorsFilter@238a7e3d, org.springframework.security.web.authentication.logout.LogoutFilter@260043d, com.c_code.bate_ponto.component.JwtAuthFilter@37f7ce20, org.springframework.security.web.savedrequest.RequestCacheAwareFilter@68a7f77a, org.springframework.security.web.servletapi.SecurityContextHolderAwareRequestFilter@4960b819, org.springframework.security.web.authentication.AnonymousAuthenticationFilter@79e28671, org.springframework.security.web.session.SessionManagementFilter@7bbd944e, org.springframework.security.web.access.ExceptionTranslationFilter@73a88711, org.springframework.security.web.access.intercept.AuthorizationFilter@71f042b1]
2026-03-03T19:18:23.397-03:00  INFO 336181 --- [           main] o.s.b.w.embedded.tomcat.TomcatWebServer  : Tomcat started on port 8080 (http) with context path ''
2026-03-03T19:18:23.413-03:00  INFO 336181 --- [           main] c.c.bate_ponto.BatePontoApplication      : Started BatePontoApplication in 5.651 seconds (process running for 6.177)
Hibernate: select count(*) from users u1_0
Hibernate: insert into users (active,email,name,password,role,type,id) values (?,?,?,?,?,?,default)
Hibernate: insert into users (active,email,name,password,role,type,id) values (?,?,?,?,?,?,default)
Dados iniciais criados com sucesso!
Admin: admin@bateponto.com / admin123
Employee: employee@bateponto.com / employee123
2026-03-03T19:18:24.421-03:00  INFO 336181 --- [nio-8080-exec-1] o.a.c.c.C.[Tomcat].[localhost].[/]       : Initializing Spring DispatcherServlet 'dispatcherServlet'
2026-03-03T19:18:24.421-03:00  INFO 336181 --- [nio-8080-exec-1] o.s.web.servlet.DispatcherServlet        : Initializing Servlet 'dispatcherServlet'
2026-03-03T19:18:24.422-03:00  INFO 336181 --- [nio-8080-exec-1] o.s.web.servlet.DispatcherServlet        : Completed initialization in 1 ms
2026-03-03T19:18:24.439-03:00 DEBUG 336181 --- [nio-8080-exec-1] o.s.security.web.FilterChainProxy        : Securing POST /auth/login
2026-03-03T19:18:24.449-03:00 DEBUG 336181 --- [nio-8080-exec-1] o.s.s.w.a.AnonymousAuthenticationFilter  : Set SecurityContextHolder to anonymous SecurityContext
2026-03-03T19:18:24.451-03:00 DEBUG 336181 --- [nio-8080-exec-1] o.s.security.web.FilterChainProxy        : Secured POST /auth/login
Hibernate: select u1_0.id,u1_0.active,u1_0.email,u1_0.name,u1_0.password,u1_0.role,u1_0.type from users u1_0 where u1_0.email=?
